
Showing logs for build [32mcb-kubecd-bdd-ghfjxy-1568386365-nmbwd-1[0m stage [32mmeta-pipeline[0m and container [32mstep-credential-initializer-bck7z[0m
{"level":"warn","ts":1568386709.2554014,"logger":"fallback-logger","caller":"logging/config.go:69","msg":"Fetch GitHub commit ID from kodata failed: \"ref: refs/heads/master\" is not a valid GitHub commit ID"}
{"level":"info","ts":1568386709.2560759,"logger":"fallback-logger","caller":"creds-init/main.go:40","msg":"Credentials initialized."}

Showing logs for build [32mcb-kubecd-bdd-ghfjxy-1568386365-nmbwd-1[0m stage [32mmeta-pipeline[0m and container [32mstep-working-dir-initializer-sqlrz[0m
{"level":"warn","ts":1568386710.6374035,"logger":"fallback-logger","caller":"logging/config.go:69","msg":"Fetch GitHub commit ID from kodata failed: open /var/run/ko/HEAD: no such file or directory"}
{"level":"info","ts":1568386710.6389952,"logger":"fallback-logger","caller":"bash/main.go:65","msg":"Successfully executed command \"mkdir -p /workspace/source\""}

Showing logs for build [32mcb-kubecd-bdd-ghfjxy-1568386365-nmbwd-1[0m stage [32mmeta-pipeline[0m and container [32mstep-place-tools[0m

Showing logs for build [32mcb-kubecd-bdd-ghfjxy-1568386365-nmbwd-1[0m stage [32mmeta-pipeline[0m and container [32mstep-git-source-meta-cb-kubecd-bdd-ghfjxy-15683-vkznl[0m
{"level":"warn","ts":1568386721.822565,"logger":"fallback-logger","caller":"logging/config.go:69","msg":"Fetch GitHub commit ID from kodata failed: \"ref: refs/heads/master\" is not a valid GitHub commit ID"}
{"level":"info","ts":1568386722.888433,"logger":"fallback-logger","caller":"git/git.go:102","msg":"Successfully cloned https://github.com/cb-kubecd/bdd-ghf**y-1568386365.git @ e949ed999dfaf89d2233c94df852a9b159b9a5e5 in path /workspace/source"}

Showing logs for build [32mcb-kubecd-bdd-ghfjxy-1568386365-nmbwd-1[0m stage [32mmeta-pipeline[0m and container [32mstep-git-merge[0m
Using SHAs from PULL_REFS=master:e949ed999dfaf89d2233c94df852a9b159b9a5e5,1:c8704bd2edfd894a44b38cf44d8d8117b35a72a1
DEBUG: ran git fetch --unshallow origin c8704bd2edfd894a44b38cf44d8d8117b35a72a1: e949ed999dfaf89d2233c94df852a9b159b9a5e5: in 
DEBUG: ran git checkout master in 
DEBUG: ran git reset --hard e949ed999dfaf89d2233c94df852a9b159b9a5e5 in 
DEBUG: ran clean --force -d . in 
DEBUG: ran git merge c8704bd2edfd894a44b38cf44d8d8117b35a72a1 in 
Merged SHA c8704bd2edfd894a44b38cf44d8d8117b35a72a1 with commit message 'My first PR commit' into base branch master

Showing logs for build [32mcb-kubecd-bdd-ghfjxy-1568386365-nmbwd-1[0m stage [32mmeta-pipeline[0m and container [32mstep-merge-pull-refs[0m
DEBUG: ran git fetch origin c8704bd2edfd894a44b38cf44d8d8117b35a72a1: e949ed999dfaf89d2233c94df852a9b159b9a5e5: in 
DEBUG: Unshallowed git repo in 
DEBUG: ran git checkout master in 
DEBUG: ran git reset --hard e949ed999dfaf89d2233c94df852a9b159b9a5e5 in 
DEBUG: ran clean --force -d . in 
DEBUG: ran git merge c8704bd2edfd894a44b38cf44d8d8117b35a72a1 in 
Merged SHA c8704bd2edfd894a44b38cf44d8d8117b35a72a1 with commit message 'My first PR commit' into base branch master

Showing logs for build [32mcb-kubecd-bdd-ghfjxy-1568386365-nmbwd-1[0m stage [32mmeta-pipeline[0m and container [32mstep-create-effective-pipeline[0m
Deleting and cloning the Jenkins X versions repo
Cloning the Jenkins X versions repo https://github.com/jenkins-x/jenkins-x-versions.git with ref refs/heads/master to /builder/home/.**/jenkins-x-versions
performing pack detection in folder /workspace/source
--> Draft detected YAML (67.752116%)
selected pack: /builder/home/.**/draft/packs/github.com/jenkins-x-buildpacks/jenkins-x-kubernetes/packs/go
--> Could not find a pack for YAML. Trying to find the next likely language match...
--> Draft detected RPM Spec (14.854397%)
--> Could not find a pack for RPM Spec. Trying to find the next likely language match...
--> Draft detected Coq (6.799598%)
--> Could not find a pack for Coq. Trying to find the next likely language match...
--> Draft detected Smarty (3.701047%)
--> Could not find a pack for Smarty. Trying to find the next likely language match...
--> Draft detected Go (2.904892%)
Effective pipeline written to jenkins-x-serverless-jenkins-effective.yml

Showing logs for build [32mcb-kubecd-bdd-ghfjxy-1568386365-nmbwd-1[0m stage [32mmeta-pipeline[0m and container [32mstep-create-tekton-crds[0m
PipelineActivity for cb-kubecd-bdd-ghf**y-1568386365-PR-1-1
Applying changes 
upserted PipelineResource cb-kubecd-bdd-ghf**y-1568386365 for the git repository https://github.com/cb-kubecd/bdd-ghf**y-1568386365.git
upserted Task cb-kubecd-bdd-ghf**y-1568386365-nmbwd-run-make-1
upserted Task cb-kubecd-bdd-ghf**y-1568386365-nmbwd-everything-else-1
upserted Pipeline cb-kubecd-bdd-ghf**y-1568386365-nmbwd-1
created PipelineRun cb-kubecd-bdd-ghf**y-1568386365-nmbwd-1
created PipelineStructure cb-kubecd-bdd-ghf**y-1568386365-nmbwd-1

Showing logs for build [32mcb-kubecd-bdd-ghfjxy-1568386365-nmbwd-1[0m stage [32mrun-make[0m and container [32mstep-credential-initializer-ltqpc[0m
{"level":"warn","ts":1568386789.099423,"logger":"fallback-logger","caller":"logging/config.go:69","msg":"Fetch GitHub commit ID from kodata failed: \"ref: refs/heads/master\" is not a valid GitHub commit ID"}
{"level":"info","ts":1568386789.0999167,"logger":"fallback-logger","caller":"creds-init/main.go:40","msg":"Credentials initialized."}

Showing logs for build [32mcb-kubecd-bdd-ghfjxy-1568386365-nmbwd-1[0m stage [32mrun-make[0m and container [32mstep-working-dir-initializer-blxsq[0m
{"level":"warn","ts":1568386790.7671583,"logger":"fallback-logger","caller":"logging/config.go:69","msg":"Fetch GitHub commit ID from kodata failed: open /var/run/ko/HEAD: no such file or directory"}
{"level":"info","ts":1568386790.8078525,"logger":"fallback-logger","caller":"bash/main.go:65","msg":"Successfully executed command \"mkdir -p /workspace/source\""}

Showing logs for build [32mcb-kubecd-bdd-ghfjxy-1568386365-nmbwd-1[0m stage [32mrun-make[0m and container [32mstep-place-tools[0m

Showing logs for build [32mcb-kubecd-bdd-ghfjxy-1568386365-nmbwd-1[0m stage [32mrun-make[0m and container [32mstep-git-source-cb-kubecd-bdd-ghfjxy-1568386365-8d9v2[0m
{"level":"warn","ts":1568386870.722596,"logger":"fallback-logger","caller":"logging/config.go:69","msg":"Fetch GitHub commit ID from kodata failed: \"ref: refs/heads/master\" is not a valid GitHub commit ID"}
{"level":"info","ts":1568386871.8898144,"logger":"fallback-logger","caller":"git/git.go:102","msg":"Successfully cloned https://github.com/cb-kubecd/bdd-ghf**y-1568386365.git @ master in path /workspace/source"}

Showing logs for build [32mcb-kubecd-bdd-ghfjxy-1568386365-nmbwd-1[0m stage [32mrun-make[0m and container [32mstep-git-merge[0m
Using SHAs from PULL_REFS=master:e949ed999dfaf89d2233c94df852a9b159b9a5e5,1:c8704bd2edfd894a44b38cf44d8d8117b35a72a1
DEBUG: ran git fetch --unshallow origin c8704bd2edfd894a44b38cf44d8d8117b35a72a1: e949ed999dfaf89d2233c94df852a9b159b9a5e5: in 
DEBUG: ran git checkout master in 
DEBUG: ran git reset --hard e949ed999dfaf89d2233c94df852a9b159b9a5e5 in 
DEBUG: ran clean --force -d . in 
DEBUG: ran git merge c8704bd2edfd894a44b38cf44d8d8117b35a72a1 in 
Merged SHA c8704bd2edfd894a44b38cf44d8d8117b35a72a1 with commit message 'My first PR commit' into base branch master

Showing logs for build [32mcb-kubecd-bdd-ghfjxy-1568386365-nmbwd-1[0m stage [32mrun-make[0m and container [32mstep-build-make-linux[0m
CGO_ENABLED=0 GOOS=linux GOARCH=amd64 GO15VENDOREXPERIMENT=1 go build -ldflags '' -o bin/bdd-ghf**y-1568386365 main.go

Showing logs for build [32mcb-kubecd-bdd-ghfjxy-1568386365-nmbwd-1[0m stage [32mrun-make[0m and container [32mstep-source-mkdir-cb-kubecd-bdd-ghfjxy-1568386365-b4h7b[0m
{"level":"warn","ts":1568386881.711573,"logger":"fallback-logger","caller":"logging/config.go:69","msg":"Fetch GitHub commit ID from kodata failed: open /var/run/ko/HEAD: no such file or directory"}
{"level":"info","ts":1568386881.7412698,"logger":"fallback-logger","caller":"bash/main.go:65","msg":"Successfully executed command \"mkdir -p /pvc/run-make/workspace\""}

Showing logs for build [32mcb-kubecd-bdd-ghfjxy-1568386365-nmbwd-1[0m stage [32mrun-make[0m and container [32mstep-source-copy-cb-kubecd-bdd-ghfjxy-1568386365-5fg6k[0m
{"level":"warn","ts":1568386881.775885,"logger":"fallback-logger","caller":"logging/config.go:69","msg":"Fetch GitHub commit ID from kodata failed: open /var/run/ko/HEAD: no such file or directory"}
{"level":"info","ts":1568386881.8007672,"logger":"fallback-logger","caller":"bash/main.go:65","msg":"Successfully executed command \"cp -r /workspace/source/. /pvc/run-make/workspace\""}

Showing logs for build [32mcb-kubecd-bdd-ghfjxy-1568386365-nmbwd-1[0m stage [32meverything-else[0m and container [32mstep-credential-initializer-z97km[0m
{"level":"warn","ts":1568386893.0148659,"logger":"fallback-logger","caller":"logging/config.go:69","msg":"Fetch GitHub commit ID from kodata failed: \"ref: refs/heads/master\" is not a valid GitHub commit ID"}
{"level":"info","ts":1568386893.0154557,"logger":"fallback-logger","caller":"creds-init/main.go:40","msg":"Credentials initialized."}

Showing logs for build [32mcb-kubecd-bdd-ghfjxy-1568386365-nmbwd-1[0m stage [32meverything-else[0m and container [32mstep-working-dir-initializer-xwmkq[0m
{"level":"warn","ts":1568386894.1960077,"logger":"fallback-logger","caller":"logging/config.go:69","msg":"Fetch GitHub commit ID from kodata failed: open /var/run/ko/HEAD: no such file or directory"}
{"level":"info","ts":1568386894.1973937,"logger":"fallback-logger","caller":"bash/main.go:65","msg":"Successfully executed command \"mkdir -p /workspace/source /workspace/source/charts/preview\""}

Showing logs for build [32mcb-kubecd-bdd-ghfjxy-1568386365-nmbwd-1[0m stage [32meverything-else[0m and container [32mstep-place-tools[0m

Showing logs for build [32mcb-kubecd-bdd-ghfjxy-1568386365-nmbwd-1[0m stage [32meverything-else[0m and container [32mstep-create-dir-workspace-kmqtz[0m
{"level":"warn","ts":1568386901.4038098,"logger":"fallback-logger","caller":"logging/config.go:69","msg":"Fetch GitHub commit ID from kodata failed: open /var/run/ko/HEAD: no such file or directory"}
{"level":"info","ts":1568386901.405442,"logger":"fallback-logger","caller":"bash/main.go:65","msg":"Successfully executed command \"mkdir -p /workspace/source\""}

Showing logs for build [32mcb-kubecd-bdd-ghfjxy-1568386365-nmbwd-1[0m stage [32meverything-else[0m and container [32mstep-source-copy-workspace-2zsjd[0m
{"level":"warn","ts":1568386901.6907775,"logger":"fallback-logger","caller":"logging/config.go:69","msg":"Fetch GitHub commit ID from kodata failed: open /var/run/ko/HEAD: no such file or directory"}
{"level":"info","ts":1568386901.9396157,"logger":"fallback-logger","caller":"bash/main.go:65","msg":"Successfully executed command \"cp -r /pvc/run-make/workspace/. /workspace/source\""}

Showing logs for build [32mcb-kubecd-bdd-ghfjxy-1568386365-nmbwd-1[0m stage [32meverything-else[0m and container [32mstep-build-container-build[0m
[36mINFO[0m[0000] No base image, nothing to extract            
[36mINFO[0m[0000] cmd: EXPOSE                                  
[36mINFO[0m[0000] Adding exposed port: 8080/tcp                
[36mINFO[0m[0000] Using files from context: [/workspace/source/bin] 
[36mINFO[0m[0000] Skipping unpacking as no commands require it. 
[36mINFO[0m[0000] Taking snapshot of full filesystem...        
[36mINFO[0m[0000] EXPOSE 8080                                  
[36mINFO[0m[0000] cmd: EXPOSE                                  
[36mINFO[0m[0000] Adding exposed port: 8080/tcp                
[36mINFO[0m[0000] No files changed in this command, skipping snapshotting. 
[36mINFO[0m[0000] ENTRYPOINT ["/bdd-ghf**y-1568386365"]        
[36mINFO[0m[0000] No files changed in this command, skipping snapshotting. 
[36mINFO[0m[0000] Using files from context: [/workspace/source/bin] 
[36mINFO[0m[0000] COPY ./bin/ /                                
[36mINFO[0m[0000] Taking snapshot of files...                  
2019/09/13 15:01:46 pushed blob: sha256:11434e466b5c5b3348316d3a937ac07e87951d4cc6d2eca5dfe8f3df7a35d1a4
2019/09/13 15:01:47 pushed blob: sha256:4f62cc727ab5ab4b4fb810f50ffe5acd9dd337c6059bf280c8f01a42d46661db
2019/09/13 15:01:48 gcr.io/jenkins-x-bdd3/bdd-ghf**y-1568386365:0.0.0-SNAPSHOT-PR-1-1: digest: sha256:85c486728e3b5771ede47774978c7e2a1a3ed503d2bd61f36e182ccb91b63f90 size: 428

Showing logs for build [32mcb-kubecd-bdd-ghfjxy-1568386365-nmbwd-1[0m stage [32meverything-else[0m and container [32mstep-postbuild-post-build[0m
no CVE provider running in the current ** namespace so skip adding image to be analysed

Showing logs for build [32mcb-kubecd-bdd-ghfjxy-1568386365-nmbwd-1[0m stage [32meverything-else[0m and container [32mstep-promote-make-preview[0m
sed -i -e "s/version:.*/version: 0.0.0-SNAPSHOT-PR-1-1/" Chart.yaml
sed -i -e "s/version:.*/version: 0.0.0-SNAPSHOT-PR-1-1/" ../*/Chart.yaml
sed -i -e "s|repository:.*|repository: gcr.io\/jenkins-x-bdd3\/bdd-ghf**y-1568386365|" values.yaml
sed -i -e "s/tag:.*/tag: 0.0.0-SNAPSHOT-PR-1-1/" values.yaml
echo "  version: 0.0.0-SNAPSHOT-PR-1-1" >> requirements.yaml
** step helm build
WARNING: No $CHART_REPOSITORY defined so using the default value of: http://jenkins-x-chartmuseum:8080
Adding missing Helm repo: storage.googleapis.com https://storage.googleapis.com/chartmuseum.jenkins-x.io
Successfully added Helm repository storage.googleapis.com.
Adding missing Helm repo: jenkins-x-chartmuseum http://jenkins-x-chartmuseum:8080
Successfully added Helm repository jenkins-x-chartmuseum.
WARNING: No $CHART_REPOSITORY defined so using the default value of: http://jenkins-x-chartmuseum:8080
Adding missing Helm repo: chartmuseum.jenkins-x.io http://chartmuseum.jenkins-x.io
Successfully added Helm repository chartmuseum.jenkins-x.io.

Showing logs for build [32mcb-kubecd-bdd-ghfjxy-1568386365-nmbwd-1[0m stage [32meverything-else[0m and container [32mstep-promote-jx-preview[0m
Creating a preview
WARNING: No author for commit: c8704bd2edfd894a44b38cf44d8d8117b35a72a1
Created environment cb-kubecd-bdd-ghf**y-1568386365-pr-1
Namespace **-cb-kubecd-bdd-ghf**y-1568386365-pr-1 created 
expose:
  Annotations:
    helm.sh/hook: post-install,post-upgrade
    helm.sh/hook-delete-policy: hook-succeeded
  config:
    domain: 34.76.0.193.nip.io
    exposer: Ingress
    http: "true"
preview:
  image:
    repository: gcr.io/jenkins-x-bdd3/bdd-ghf**y-1568386365
    tag: 0.0.0-SNAPSHOT-PR-1-1
Deleting and cloning the Jenkins X versions repo
Cloning the Jenkins X versions repo https://github.com/jenkins-x/jenkins-x-versions.git with ref refs/heads/master to /builder/home/.**/jenkins-x-versions


Updating PipelineActivities cb-kubecd-bdd-ghf**y-1568386365-pr-1-1 which has status Running
Preview application is now available at: http://bdd-ghf**y-1568386365.**-cb-kubecd-bdd-ghf**y-1568386365-pr-1.34.76.0.193.nip.io
